<?xml version="1.0" encoding="UTF-8"?>
<!-- Generated by org.testng.reporters.JUnitXMLReporter -->
<testsuite ignored="0" hostname="DESKTOP-C7ALN6B" failures="0" tests="6" name="Default test" time="7.001" errors="0" timestamp="2023-10-25T08:34:45 IST">
  <testcase classname="com.qc.testng.tests.RegisterTest" name="doRegister" time="0.555"/>
  <testcase classname="com.qc.testng.tests.RegisterTest" name="doRegister" time="0.533"/>
  <testcase classname="com.qc.testng.tests.RegisterTest" name="doRegister" time="0.649"/>
  <testcase classname="com.qc.testng.tests.RegisterTest" name="doRegister" time="0.476"/>
  <testcase classname="com.qc.testng.tests.RegisterTest" name="doRegister" time="0.555"/>
  <testcase classname="com.qc.testng.tests.RegisterTest" name="doRegister" time="0.559"/>
</testsuite> <!-- Default test -->
