<?xml version="1.0" encoding="UTF-8"?>
<!-- Generated by org.testng.reporters.JUnitXMLReporter -->
<testsuite ignored="0" hostname="DESKTOP-C7ALN6B" failures="0" tests="13" name="Test" time="13.733" errors="0" timestamp="2023-10-25T08:52:31 IST">
  <testcase classname="com.qc.testng.tests.LoginTest" name="doLogin" time="0.685"/>
  <testcase classname="com.qc.testng.tests.LoginTest" name="doLogin" time="0.306"/>
  <testcase classname="com.qc.testng.tests.LoginTest" name="doLogin" time="0.28"/>
  <testcase classname="com.qc.testng.tests.LoginTest" name="doLogin" time="0.3"/>
  <testcase classname="com.qc.testng.tests.LoginTest" name="doLogin" time="0.361"/>
  <testcase classname="com.qc.testng.tests.LoginTest" name="doLogin" time="0.283"/>
  <testcase classname="com.qc.testng.tests.LoginTest" name="doLogin" time="0.648"/>
  <testcase classname="com.qc.testng.tests.RegisterTest" name="doRegister" time="0.479"/>
  <testcase classname="com.qc.testng.tests.RegisterTest" name="doRegister" time="0.579"/>
  <testcase classname="com.qc.testng.tests.RegisterTest" name="doRegister" time="0.705"/>
  <testcase classname="com.qc.testng.tests.RegisterTest" name="doRegister" time="0.47"/>
  <testcase classname="com.qc.testng.tests.RegisterTest" name="doRegister" time="0.511"/>
  <testcase classname="com.qc.testng.tests.RegisterTest" name="doRegister" time="0.609"/>
</testsuite> <!-- Test -->
