<?xml version="1.0" encoding="UTF-8"?>
<testng-results ignored="0" total="13" passed="13" failed="0" skipped="0">
  <reporter-output>
  </reporter-output>
  <suite started-at="2023-10-25T08:52:17 IST" name="Suite" finished-at="2023-10-25T08:52:31 IST" duration-ms="13733">
    <groups>
    </groups>
    <test started-at="2023-10-25T08:52:17 IST" name="Test" finished-at="2023-10-25T08:52:31 IST" duration-ms="13733">
      <class name="com.qc.testng.tests.RegisterTest">
        <test-method is-config="true" signature="launchBrowser()[pri:0, instance:com.qc.testng.tests.RegisterTest@55f616cf]" started-at="2023-10-25T08:52:12 IST" name="launchBrowser" finished-at="2023-10-25T08:52:17 IST" duration-ms="5638" status="PASS">
          <reporter-output>
          </reporter-output>
        </test-method> <!-- launchBrowser -->
        <test-method is-config="true" signature="goToRegisterPage()[pri:0, instance:com.qc.testng.tests.RegisterTest@55f616cf]" started-at="2023-10-25T08:52:17 IST" name="goToRegisterPage" finished-at="2023-10-25T08:52:18 IST" duration-ms="586" status="PASS">
          <reporter-output>
          </reporter-output>
        </test-method> <!-- goToRegisterPage -->
        <test-method is-config="true" signature="locateElement()[pri:0, instance:com.qc.testng.tests.RegisterTest@55f616cf]" started-at="2023-10-25T08:52:25 IST" name="locateElement" finished-at="2023-10-25T08:52:26 IST" duration-ms="409" status="PASS">
          <reporter-output>
          </reporter-output>
        </test-method> <!-- locateElement -->
        <test-method signature="doRegister(java.lang.String,java.lang.String,java.lang.String,java.lang.String,java.lang.String)[pri:0, instance:com.qc.testng.tests.RegisterTest@55f616cf]" started-at="2023-10-25T08:52:26 IST" name="doRegister" data-provider="registerTestData" finished-at="2023-10-25T08:52:26 IST" duration-ms="479" status="PASS">
          <params>
            <param index="0">
              <value>
                <![CDATA[All are empty]]>
              </value>
            </param>
            <param index="1">
              <value>
                <![CDATA[]]>
              </value>
            </param>
            <param index="2">
              <value>
                <![CDATA[]]>
              </value>
            </param>
            <param index="3">
              <value>
                <![CDATA[]]>
              </value>
            </param>
            <param index="4">
              <value>
                <![CDATA[]]>
              </value>
            </param>
          </params>
          <reporter-output>
          </reporter-output>
        </test-method> <!-- doRegister -->
        <test-method is-config="true" signature="doAssert()[pri:0, instance:com.qc.testng.tests.RegisterTest@55f616cf]" started-at="2023-10-25T08:52:26 IST" name="doAssert" finished-at="2023-10-25T08:52:26 IST" duration-ms="29" status="PASS">
          <reporter-output>
          </reporter-output>
        </test-method> <!-- doAssert -->
        <test-method is-config="true" signature="locateElement()[pri:0, instance:com.qc.testng.tests.RegisterTest@55f616cf]" started-at="2023-10-25T08:52:26 IST" name="locateElement" finished-at="2023-10-25T08:52:27 IST" duration-ms="259" status="PASS">
          <reporter-output>
          </reporter-output>
        </test-method> <!-- locateElement -->
        <test-method signature="doRegister(java.lang.String,java.lang.String,java.lang.String,java.lang.String,java.lang.String)[pri:0, instance:com.qc.testng.tests.RegisterTest@55f616cf]" started-at="2023-10-25T08:52:27 IST" name="doRegister" data-provider="registerTestData" finished-at="2023-10-25T08:52:27 IST" duration-ms="579" status="PASS">
          <params>
            <param index="0">
              <value>
                <![CDATA[Name is empty]]>
              </value>
            </param>
            <param index="1">
              <value>
                <![CDATA[]]>
              </value>
            </param>
            <param index="2">
              <value>
                <![CDATA[91454254]]>
              </value>
            </param>
            <param index="3">
              <value>
                <![CDATA[queue@gmail.com]]>
              </value>
            </param>
            <param index="4">
              <value>
                <![CDATA[123456]]>
              </value>
            </param>
          </params>
          <reporter-output>
          </reporter-output>
        </test-method> <!-- doRegister -->
        <test-method is-config="true" signature="doAssert()[pri:0, instance:com.qc.testng.tests.RegisterTest@55f616cf]" started-at="2023-10-25T08:52:27 IST" name="doAssert" finished-at="2023-10-25T08:52:27 IST" duration-ms="20" status="PASS">
          <reporter-output>
          </reporter-output>
        </test-method> <!-- doAssert -->
        <test-method is-config="true" signature="locateElement()[pri:0, instance:com.qc.testng.tests.RegisterTest@55f616cf]" started-at="2023-10-25T08:52:27 IST" name="locateElement" finished-at="2023-10-25T08:52:28 IST" duration-ms="433" status="PASS">
          <reporter-output>
          </reporter-output>
        </test-method> <!-- locateElement -->
        <test-method signature="doRegister(java.lang.String,java.lang.String,java.lang.String,java.lang.String,java.lang.String)[pri:0, instance:com.qc.testng.tests.RegisterTest@55f616cf]" started-at="2023-10-25T08:52:28 IST" name="doRegister" data-provider="registerTestData" finished-at="2023-10-25T08:52:28 IST" duration-ms="705" status="PASS">
          <params>
            <param index="0">
              <value>
                <![CDATA[Mobile is empty]]>
              </value>
            </param>
            <param index="1">
              <value>
                <![CDATA[queueu]]>
              </value>
            </param>
            <param index="2">
              <value>
                <![CDATA[]]>
              </value>
            </param>
            <param index="3">
              <value>
                <![CDATA[queue@gmail.com]]>
              </value>
            </param>
            <param index="4">
              <value>
                <![CDATA[123456]]>
              </value>
            </param>
          </params>
          <reporter-output>
          </reporter-output>
        </test-method> <!-- doRegister -->
        <test-method is-config="true" signature="doAssert()[pri:0, instance:com.qc.testng.tests.RegisterTest@55f616cf]" started-at="2023-10-25T08:52:28 IST" name="doAssert" finished-at="2023-10-25T08:52:28 IST" duration-ms="18" status="PASS">
          <reporter-output>
          </reporter-output>
        </test-method> <!-- doAssert -->
        <test-method is-config="true" signature="locateElement()[pri:0, instance:com.qc.testng.tests.RegisterTest@55f616cf]" started-at="2023-10-25T08:52:28 IST" name="locateElement" finished-at="2023-10-25T08:52:29 IST" duration-ms="419" status="PASS">
          <reporter-output>
          </reporter-output>
        </test-method> <!-- locateElement -->
        <test-method signature="doRegister(java.lang.String,java.lang.String,java.lang.String,java.lang.String,java.lang.String)[pri:0, instance:com.qc.testng.tests.RegisterTest@55f616cf]" started-at="2023-10-25T08:52:29 IST" name="doRegister" data-provider="registerTestData" finished-at="2023-10-25T08:52:29 IST" duration-ms="470" status="PASS">
          <params>
            <param index="0">
              <value>
                <![CDATA[Email is empty]]>
              </value>
            </param>
            <param index="1">
              <value>
                <![CDATA[queueu]]>
              </value>
            </param>
            <param index="2">
              <value>
                <![CDATA[91454254]]>
              </value>
            </param>
            <param index="3">
              <value>
                <![CDATA[]]>
              </value>
            </param>
            <param index="4">
              <value>
                <![CDATA[123456]]>
              </value>
            </param>
          </params>
          <reporter-output>
          </reporter-output>
        </test-method> <!-- doRegister -->
        <test-method is-config="true" signature="doAssert()[pri:0, instance:com.qc.testng.tests.RegisterTest@55f616cf]" started-at="2023-10-25T08:52:29 IST" name="doAssert" finished-at="2023-10-25T08:52:29 IST" duration-ms="16" status="PASS">
          <reporter-output>
          </reporter-output>
        </test-method> <!-- doAssert -->
        <test-method is-config="true" signature="locateElement()[pri:0, instance:com.qc.testng.tests.RegisterTest@55f616cf]" started-at="2023-10-25T08:52:29 IST" name="locateElement" finished-at="2023-10-25T08:52:30 IST" duration-ms="308" status="PASS">
          <reporter-output>
          </reporter-output>
        </test-method> <!-- locateElement -->
        <test-method signature="doRegister(java.lang.String,java.lang.String,java.lang.String,java.lang.String,java.lang.String)[pri:0, instance:com.qc.testng.tests.RegisterTest@55f616cf]" started-at="2023-10-25T08:52:30 IST" name="doRegister" data-provider="registerTestData" finished-at="2023-10-25T08:52:30 IST" duration-ms="511" status="PASS">
          <params>
            <param index="0">
              <value>
                <![CDATA[Password is empty]]>
              </value>
            </param>
            <param index="1">
              <value>
                <![CDATA[queueu]]>
              </value>
            </param>
            <param index="2">
              <value>
                <![CDATA[91454254]]>
              </value>
            </param>
            <param index="3">
              <value>
                <![CDATA[queeu@gmail.com]]>
              </value>
            </param>
            <param index="4">
              <value>
                <![CDATA[]]>
              </value>
            </param>
          </params>
          <reporter-output>
          </reporter-output>
        </test-method> <!-- doRegister -->
        <test-method is-config="true" signature="doAssert()[pri:0, instance:com.qc.testng.tests.RegisterTest@55f616cf]" started-at="2023-10-25T08:52:30 IST" name="doAssert" finished-at="2023-10-25T08:52:30 IST" duration-ms="24" status="PASS">
          <reporter-output>
          </reporter-output>
        </test-method> <!-- doAssert -->
        <test-method is-config="true" signature="locateElement()[pri:0, instance:com.qc.testng.tests.RegisterTest@55f616cf]" started-at="2023-10-25T08:52:30 IST" name="locateElement" finished-at="2023-10-25T08:52:30 IST" duration-ms="306" status="PASS">
          <reporter-output>
          </reporter-output>
        </test-method> <!-- locateElement -->
        <test-method signature="doRegister(java.lang.String,java.lang.String,java.lang.String,java.lang.String,java.lang.String)[pri:0, instance:com.qc.testng.tests.RegisterTest@55f616cf]" started-at="2023-10-25T08:52:30 IST" name="doRegister" data-provider="registerTestData" finished-at="2023-10-25T08:52:31 IST" duration-ms="609" status="PASS">
          <params>
            <param index="0">
              <value>
                <![CDATA[All are valid]]>
              </value>
            </param>
            <param index="1">
              <value>
                <![CDATA[queueu]]>
              </value>
            </param>
            <param index="2">
              <value>
                <![CDATA[9145425494]]>
              </value>
            </param>
            <param index="3">
              <value>
                <![CDATA[queeu@gmail.com]]>
              </value>
            </param>
            <param index="4">
              <value>
                <![CDATA[123456]]>
              </value>
            </param>
          </params>
          <reporter-output>
          </reporter-output>
        </test-method> <!-- doRegister -->
        <test-method is-config="true" signature="doAssert()[pri:0, instance:com.qc.testng.tests.RegisterTest@55f616cf]" started-at="2023-10-25T08:52:31 IST" name="doAssert" finished-at="2023-10-25T08:52:31 IST" duration-ms="138" status="PASS">
          <reporter-output>
          </reporter-output>
        </test-method> <!-- doAssert -->
        <test-method is-config="true" signature="tearDown()[pri:0, instance:com.qc.testng.tests.RegisterTest@55f616cf]" started-at="2023-10-25T08:52:32 IST" name="tearDown" finished-at="2023-10-25T08:52:33 IST" duration-ms="480" status="PASS">
          <reporter-output>
          </reporter-output>
        </test-method> <!-- tearDown -->
      </class> <!-- com.qc.testng.tests.RegisterTest -->
      <class name="com.qc.testng.tests.LoginTest">
        <test-method is-config="true" signature="launchBrowser()[pri:0, instance:com.qc.testng.tests.LoginTest@dd0c991]" started-at="2023-10-25T08:52:03 IST" name="launchBrowser" finished-at="2023-10-25T08:52:12 IST" duration-ms="8920" status="PASS">
          <reporter-output>
          </reporter-output>
        </test-method> <!-- launchBrowser -->
        <test-method is-config="true" signature="locateElement()[pri:0, instance:com.qc.testng.tests.LoginTest@dd0c991]" started-at="2023-10-25T08:52:20 IST" name="locateElement" finished-at="2023-10-25T08:52:20 IST" duration-ms="229" status="PASS">
          <reporter-output>
          </reporter-output>
        </test-method> <!-- locateElement -->
        <test-method signature="doLogin(java.lang.String,java.lang.String,java.lang.String)[pri:0, instance:com.qc.testng.tests.LoginTest@dd0c991]" started-at="2023-10-25T08:52:20 IST" name="doLogin" data-provider="loginTestData" finished-at="2023-10-25T08:52:21 IST" duration-ms="685" status="PASS">
          <params>
            <param index="0">
              <value>
                <![CDATA[Both are empty]]>
              </value>
            </param>
            <param index="1">
              <value>
                <![CDATA[]]>
              </value>
            </param>
            <param index="2">
              <value>
                <![CDATA[]]>
              </value>
            </param>
          </params>
          <reporter-output>
          </reporter-output>
        </test-method> <!-- doLogin -->
        <test-method is-config="true" signature="doAssert()[pri:0, instance:com.qc.testng.tests.LoginTest@dd0c991]" started-at="2023-10-25T08:52:21 IST" name="doAssert" finished-at="2023-10-25T08:52:21 IST" duration-ms="78" status="PASS">
          <reporter-output>
          </reporter-output>
        </test-method> <!-- doAssert -->
        <test-method is-config="true" signature="locateElement()[pri:0, instance:com.qc.testng.tests.LoginTest@dd0c991]" started-at="2023-10-25T08:52:21 IST" name="locateElement" finished-at="2023-10-25T08:52:21 IST" duration-ms="288" status="PASS">
          <reporter-output>
          </reporter-output>
        </test-method> <!-- locateElement -->
        <test-method signature="doLogin(java.lang.String,java.lang.String,java.lang.String)[pri:0, instance:com.qc.testng.tests.LoginTest@dd0c991]" started-at="2023-10-25T08:52:21 IST" name="doLogin" data-provider="loginTestData" finished-at="2023-10-25T08:52:22 IST" duration-ms="306" status="PASS">
          <params>
            <param index="0">
              <value>
                <![CDATA[Email is empty ]]>
              </value>
            </param>
            <param index="1">
              <value>
                <![CDATA[]]>
              </value>
            </param>
            <param index="2">
              <value>
                <![CDATA[123456]]>
              </value>
            </param>
          </params>
          <reporter-output>
          </reporter-output>
        </test-method> <!-- doLogin -->
        <test-method is-config="true" signature="doAssert()[pri:0, instance:com.qc.testng.tests.LoginTest@dd0c991]" started-at="2023-10-25T08:52:22 IST" name="doAssert" finished-at="2023-10-25T08:52:22 IST" duration-ms="16" status="PASS">
          <reporter-output>
          </reporter-output>
        </test-method> <!-- doAssert -->
        <test-method is-config="true" signature="locateElement()[pri:0, instance:com.qc.testng.tests.LoginTest@dd0c991]" started-at="2023-10-25T08:52:22 IST" name="locateElement" finished-at="2023-10-25T08:52:22 IST" duration-ms="188" status="PASS">
          <reporter-output>
          </reporter-output>
        </test-method> <!-- locateElement -->
        <test-method signature="doLogin(java.lang.String,java.lang.String,java.lang.String)[pri:0, instance:com.qc.testng.tests.LoginTest@dd0c991]" started-at="2023-10-25T08:52:22 IST" name="doLogin" data-provider="loginTestData" finished-at="2023-10-25T08:52:22 IST" duration-ms="280" status="PASS">
          <params>
            <param index="0">
              <value>
                <![CDATA[Password is empty]]>
              </value>
            </param>
            <param index="1">
              <value>
                <![CDATA[queuecodes@gmail.com]]>
              </value>
            </param>
            <param index="2">
              <value>
                <![CDATA[]]>
              </value>
            </param>
          </params>
          <reporter-output>
          </reporter-output>
        </test-method> <!-- doLogin -->
        <test-method is-config="true" signature="doAssert()[pri:0, instance:com.qc.testng.tests.LoginTest@dd0c991]" started-at="2023-10-25T08:52:22 IST" name="doAssert" finished-at="2023-10-25T08:52:22 IST" duration-ms="30" status="PASS">
          <reporter-output>
          </reporter-output>
        </test-method> <!-- doAssert -->
        <test-method is-config="true" signature="locateElement()[pri:0, instance:com.qc.testng.tests.LoginTest@dd0c991]" started-at="2023-10-25T08:52:22 IST" name="locateElement" finished-at="2023-10-25T08:52:22 IST" duration-ms="168" status="PASS">
          <reporter-output>
          </reporter-output>
        </test-method> <!-- locateElement -->
        <test-method signature="doLogin(java.lang.String,java.lang.String,java.lang.String)[pri:0, instance:com.qc.testng.tests.LoginTest@dd0c991]" started-at="2023-10-25T08:52:22 IST" name="doLogin" data-provider="loginTestData" finished-at="2023-10-25T08:52:22 IST" duration-ms="300" status="PASS">
          <params>
            <param index="0">
              <value>
                <![CDATA[Email are invalid]]>
              </value>
            </param>
            <param index="1">
              <value>
                <![CDATA[queuecodes]]>
              </value>
            </param>
            <param index="2">
              <value>
                <![CDATA[123456]]>
              </value>
            </param>
          </params>
          <reporter-output>
          </reporter-output>
        </test-method> <!-- doLogin -->
        <test-method is-config="true" signature="doAssert()[pri:0, instance:com.qc.testng.tests.LoginTest@dd0c991]" started-at="2023-10-25T08:52:22 IST" name="doAssert" finished-at="2023-10-25T08:52:23 IST" duration-ms="23" status="PASS">
          <reporter-output>
          </reporter-output>
        </test-method> <!-- doAssert -->
        <test-method is-config="true" signature="locateElement()[pri:0, instance:com.qc.testng.tests.LoginTest@dd0c991]" started-at="2023-10-25T08:52:23 IST" name="locateElement" finished-at="2023-10-25T08:52:23 IST" duration-ms="204" status="PASS">
          <reporter-output>
          </reporter-output>
        </test-method> <!-- locateElement -->
        <test-method signature="doLogin(java.lang.String,java.lang.String,java.lang.String)[pri:0, instance:com.qc.testng.tests.LoginTest@dd0c991]" started-at="2023-10-25T08:52:23 IST" name="doLogin" data-provider="loginTestData" finished-at="2023-10-25T08:52:23 IST" duration-ms="361" status="PASS">
          <params>
            <param index="0">
              <value>
                <![CDATA[Password is invalid]]>
              </value>
            </param>
            <param index="1">
              <value>
                <![CDATA[queuecodes@gmail.com]]>
              </value>
            </param>
            <param index="2">
              <value>
                <![CDATA[12345]]>
              </value>
            </param>
          </params>
          <reporter-output>
          </reporter-output>
        </test-method> <!-- doLogin -->
        <test-method is-config="true" signature="doAssert()[pri:0, instance:com.qc.testng.tests.LoginTest@dd0c991]" started-at="2023-10-25T08:52:23 IST" name="doAssert" finished-at="2023-10-25T08:52:23 IST" duration-ms="32" status="PASS">
          <reporter-output>
          </reporter-output>
        </test-method> <!-- doAssert -->
        <test-method is-config="true" signature="locateElement()[pri:0, instance:com.qc.testng.tests.LoginTest@dd0c991]" started-at="2023-10-25T08:52:23 IST" name="locateElement" finished-at="2023-10-25T08:52:23 IST" duration-ms="174" status="PASS">
          <reporter-output>
          </reporter-output>
        </test-method> <!-- locateElement -->
        <test-method signature="doLogin(java.lang.String,java.lang.String,java.lang.String)[pri:0, instance:com.qc.testng.tests.LoginTest@dd0c991]" started-at="2023-10-25T08:52:23 IST" name="doLogin" data-provider="loginTestData" finished-at="2023-10-25T08:52:24 IST" duration-ms="283" status="PASS">
          <params>
            <param index="0">
              <value>
                <![CDATA[Both are invalid]]>
              </value>
            </param>
            <param index="1">
              <value>
                <![CDATA[queuecodes@gmail]]>
              </value>
            </param>
            <param index="2">
              <value>
                <![CDATA[12345]]>
              </value>
            </param>
          </params>
          <reporter-output>
          </reporter-output>
        </test-method> <!-- doLogin -->
        <test-method is-config="true" signature="doAssert()[pri:0, instance:com.qc.testng.tests.LoginTest@dd0c991]" started-at="2023-10-25T08:52:24 IST" name="doAssert" finished-at="2023-10-25T08:52:24 IST" duration-ms="17" status="PASS">
          <reporter-output>
          </reporter-output>
        </test-method> <!-- doAssert -->
        <test-method is-config="true" signature="locateElement()[pri:0, instance:com.qc.testng.tests.LoginTest@dd0c991]" started-at="2023-10-25T08:52:24 IST" name="locateElement" finished-at="2023-10-25T08:52:24 IST" duration-ms="177" status="PASS">
          <reporter-output>
          </reporter-output>
        </test-method> <!-- locateElement -->
        <test-method signature="doLogin(java.lang.String,java.lang.String,java.lang.String)[pri:0, instance:com.qc.testng.tests.LoginTest@dd0c991]" started-at="2023-10-25T08:52:24 IST" name="doLogin" data-provider="loginTestData" finished-at="2023-10-25T08:52:24 IST" duration-ms="648" status="PASS">
          <params>
            <param index="0">
              <value>
                <![CDATA[Both are valid]]>
              </value>
            </param>
            <param index="1">
              <value>
                <![CDATA[queuecodes@gmail.com]]>
              </value>
            </param>
            <param index="2">
              <value>
                <![CDATA[123456]]>
              </value>
            </param>
          </params>
          <reporter-output>
          </reporter-output>
        </test-method> <!-- doLogin -->
        <test-method is-config="true" signature="doAssert()[pri:0, instance:com.qc.testng.tests.LoginTest@dd0c991]" started-at="2023-10-25T08:52:24 IST" name="doAssert" finished-at="2023-10-25T08:52:25 IST" duration-ms="849" status="PASS">
          <reporter-output>
          </reporter-output>
        </test-method> <!-- doAssert -->
        <test-method is-config="true" signature="tearDown()[pri:0, instance:com.qc.testng.tests.LoginTest@dd0c991]" started-at="2023-10-25T08:52:32 IST" name="tearDown" finished-at="2023-10-25T08:52:32 IST" duration-ms="388" status="PASS">
          <reporter-output>
          </reporter-output>
        </test-method> <!-- tearDown -->
      </class> <!-- com.qc.testng.tests.LoginTest -->
    </test> <!-- Test -->
  </suite> <!-- Suite -->
</testng-results>
